{"contracts/SpartanCouncil.sol":{"l":{"37":26,"38":26,"45":47,"46":47,"53":2,"54":2,"61":2,"72":2,"73":2,"75":2,"76":2,"78":2,"80":2,"92":39,"94":37,"95":37,"96":37,"98":37,"105":6,"107":4,"109":4,"110":4,"112":4,"114":4,"115":8,"116":4,"120":4,"123":4,"124":1,"127":4,"134":2,"145":2,"146":1,"147":1,"161":2,"162":2,"163":2},"path":"/Users/andytcf/spartan-council-nft/contracts/SpartanCouncil.sol","s":{"1":26,"2":26,"3":47,"4":2,"5":2,"6":2,"7":2,"8":2,"9":2,"10":2,"11":2,"12":2,"13":39,"14":37,"15":37,"16":37,"17":37,"18":6,"19":4,"20":4,"21":4,"22":4,"23":4,"24":8,"25":4,"26":4,"27":4,"28":2,"29":2,"30":1,"31":1,"32":2,"33":2,"34":2},"b":{"1":[47,0],"2":[2,0],"3":[2,0],"4":[2,0],"5":[37,2],"6":[4,2],"7":[4,4],"8":[1,3],"9":[1,1],"10":[2,0]},"f":{"1":26,"2":47,"3":2,"4":2,"5":2,"6":39,"7":6,"8":2,"9":2,"10":2,"11":0,"12":0,"13":0,"14":0,"15":0,"16":0,"17":0},"fnMap":{"1":{"name":"constructor","line":36,"loc":{"start":{"line":36,"column":4},"end":{"line":39,"column":4}}},"2":{"name":"isValidAddress","line":44,"loc":{"start":{"line":44,"column":4},"end":{"line":47,"column":4}}},"3":{"name":"balanceOf","line":52,"loc":{"start":{"line":52,"column":4},"end":{"line":55,"column":4}}},"4":{"name":"ownerOf","line":60,"loc":{"start":{"line":60,"column":4},"end":{"line":62,"column":4}}},"5":{"name":"transfer","line":71,"loc":{"start":{"line":67,"column":4},"end":{"line":81,"column":4}}},"6":{"name":"mint","line":90,"loc":{"start":{"line":87,"column":4},"end":{"line":99,"column":4}}},"7":{"name":"burn","line":104,"loc":{"start":{"line":104,"column":4},"end":{"line":128,"column":4}}},"8":{"name":"totalSupply","line":133,"loc":{"start":{"line":133,"column":4},"end":{"line":135,"column":4}}},"9":{"name":"tokenURI","line":140,"loc":{"start":{"line":140,"column":4},"end":{"line":148,"column":4}}},"10":{"name":"setTokenURI","line":159,"loc":{"start":{"line":157,"column":4},"end":{"line":164,"column":4}}},"11":{"name":"safeTransferFrom","line":170,"loc":{"start":{"line":170,"column":4},"end":{"line":174,"column":14}}},"12":{"name":"safeTransferFrom","line":179,"loc":{"start":{"line":179,"column":4},"end":{"line":184,"column":14}}},"13":{"name":"transferFrom","line":189,"loc":{"start":{"line":189,"column":4},"end":{"line":193,"column":14}}},"14":{"name":"approve","line":198,"loc":{"start":{"line":198,"column":4},"end":{"line":198,"column":58}}},"15":{"name":"isApprovedForAll","line":203,"loc":{"start":{"line":203,"column":4},"end":{"line":203,"column":91}}},"16":{"name":"getApproved","line":208,"loc":{"start":{"line":208,"column":4},"end":{"line":208,"column":73}}},"17":{"name":"setApprovalForAll","line":213,"loc":{"start":{"line":213,"column":4},"end":{"line":213,"column":72}}}},"statementMap":{"1":{"start":{"line":37,"column":8},"end":{"line":37,"column":19}},"2":{"start":{"line":38,"column":8},"end":{"line":38,"column":23}},"3":{"start":{"line":45,"column":8},"end":{"line":45,"column":72}},"4":{"start":{"line":53,"column":8},"end":{"line":53,"column":81}},"5":{"start":{"line":54,"column":8},"end":{"line":54,"column":32}},"6":{"start":{"line":61,"column":8},"end":{"line":61,"column":34}},"7":{"start":{"line":72,"column":8},"end":{"line":72,"column":79}},"8":{"start":{"line":73,"column":8},"end":{"line":73,"column":65}},"9":{"start":{"line":75,"column":8},"end":{"line":75,"column":27}},"10":{"start":{"line":76,"column":8},"end":{"line":76,"column":31}},"11":{"start":{"line":78,"column":8},"end":{"line":78,"column":31}},"12":{"start":{"line":80,"column":8},"end":{"line":80,"column":40}},"13":{"start":{"line":92,"column":8},"end":{"line":92,"column":81}},"14":{"start":{"line":94,"column":8},"end":{"line":94,"column":27}},"15":{"start":{"line":95,"column":8},"end":{"line":95,"column":31}},"16":{"start":{"line":96,"column":8},"end":{"line":96,"column":31}},"17":{"start":{"line":98,"column":8},"end":{"line":98,"column":30}},"18":{"start":{"line":105,"column":8},"end":{"line":105,"column":81}},"19":{"start":{"line":107,"column":8},"end":{"line":107,"column":51}},"20":{"start":{"line":109,"column":8},"end":{"line":109,"column":36}},"21":{"start":{"line":110,"column":8},"end":{"line":110,"column":39}},"22":{"start":{"line":112,"column":8},"end":{"line":112,"column":55}},"23":{"start":{"line":114,"column":8},"end":{"line":114,"column":3563}},"24":{"start":{"line":115,"column":12},"end":{"line":115,"column":3624}},"25":{"start":{"line":116,"column":16},"end":{"line":116,"column":38}},"26":{"start":{"line":123,"column":8},"end":{"line":123,"column":3781}},"27":{"start":{"line":127,"column":8},"end":{"line":127,"column":26}},"28":{"start":{"line":134,"column":8},"end":{"line":134,"column":28}},"29":{"start":{"line":145,"column":8},"end":{"line":145,"column":81}},"30":{"start":{"line":146,"column":8},"end":{"line":146,"column":52}},"31":{"start":{"line":147,"column":8},"end":{"line":147,"column":24}},"32":{"start":{"line":161,"column":8},"end":{"line":161,"column":81}},"33":{"start":{"line":162,"column":8},"end":{"line":162,"column":31}},"34":{"start":{"line":163,"column":8},"end":{"line":163,"column":42}}},"branchMap":{"1":{"line":45,"type":"if","locations":[{"start":{"line":45,"column":8},"end":{"line":45,"column":8}},{"start":{"line":45,"column":8},"end":{"line":45,"column":8}}]},"2":{"line":53,"type":"if","locations":[{"start":{"line":53,"column":8},"end":{"line":53,"column":8}},{"start":{"line":53,"column":8},"end":{"line":53,"column":8}}]},"3":{"line":72,"type":"if","locations":[{"start":{"line":72,"column":8},"end":{"line":72,"column":8}},{"start":{"line":72,"column":8},"end":{"line":72,"column":8}}]},"4":{"line":73,"type":"if","locations":[{"start":{"line":73,"column":8},"end":{"line":73,"column":8}},{"start":{"line":73,"column":8},"end":{"line":73,"column":8}}]},"5":{"line":92,"type":"if","locations":[{"start":{"line":92,"column":8},"end":{"line":92,"column":8}},{"start":{"line":92,"column":8},"end":{"line":92,"column":8}}]},"6":{"line":105,"type":"if","locations":[{"start":{"line":105,"column":8},"end":{"line":105,"column":8}},{"start":{"line":105,"column":8},"end":{"line":105,"column":8}}]},"7":{"line":115,"type":"if","locations":[{"start":{"line":115,"column":12},"end":{"line":115,"column":12}},{"start":{"line":115,"column":12},"end":{"line":115,"column":12}}]},"8":{"line":123,"type":"if","locations":[{"start":{"line":123,"column":8},"end":{"line":123,"column":8}},{"start":{"line":123,"column":8},"end":{"line":123,"column":8}}]},"9":{"line":145,"type":"if","locations":[{"start":{"line":145,"column":8},"end":{"line":145,"column":8}},{"start":{"line":145,"column":8},"end":{"line":145,"column":8}}]},"10":{"line":161,"type":"if","locations":[{"start":{"line":161,"column":8},"end":{"line":161,"column":8}},{"start":{"line":161,"column":8},"end":{"line":161,"column":8}}]}}}}