{"contracts/SpartanCouncil.sol":{"l":{"39":32,"40":32,"48":67,"49":62,"57":2,"58":1,"60":1,"69":2,"84":4,"86":2,"87":2,"89":2,"91":2,"101":50,"102":48,"104":46,"105":46,"106":46,"108":46,"117":6,"119":4,"121":4,"122":4,"124":4,"126":4,"127":8,"128":4,"132":4,"135":4,"136":1,"139":4,"146":2,"155":2,"156":1,"157":1,"167":4,"168":2,"169":2},"path":"/Users/andytcf/spartan-council-nft/contracts/SpartanCouncil.sol","s":{"1":32,"2":32,"3":67,"4":2,"5":1,"6":1,"7":2,"8":4,"9":2,"10":2,"11":2,"12":2,"13":50,"14":48,"15":46,"16":46,"17":46,"18":46,"19":6,"20":4,"21":4,"22":4,"23":4,"24":4,"25":8,"26":4,"27":4,"28":4,"29":2,"30":2,"31":1,"32":1,"33":4,"34":2,"35":2},"b":{"1":[62,5],"2":[1,1],"3":[2,2],"4":[48,2],"5":[46,2],"6":[4,2],"7":[4,4],"8":[1,3],"9":[1,1],"10":[2,2]},"f":{"1":32,"2":67,"3":2,"4":2,"5":4,"6":50,"7":6,"8":2,"9":2,"10":4},"fnMap":{"1":{"name":"constructor","line":38,"loc":{"start":{"line":38,"column":4},"end":{"line":41,"column":4}}},"2":{"name":"isValidAddress","line":47,"loc":{"start":{"line":47,"column":4},"end":{"line":50,"column":4}}},"3":{"name":"balanceOf","line":56,"loc":{"start":{"line":56,"column":4},"end":{"line":62,"column":4}}},"4":{"name":"ownerOf","line":68,"loc":{"start":{"line":68,"column":4},"end":{"line":70,"column":4}}},"5":{"name":"transfer","line":83,"loc":{"start":{"line":79,"column":4},"end":{"line":92,"column":4}}},"6":{"name":"mint","line":100,"loc":{"start":{"line":100,"column":4},"end":{"line":109,"column":4}}},"7":{"name":"burn","line":116,"loc":{"start":{"line":116,"column":4},"end":{"line":140,"column":4}}},"8":{"name":"totalSupply","line":145,"loc":{"start":{"line":145,"column":4},"end":{"line":147,"column":4}}},"9":{"name":"tokenURI","line":154,"loc":{"start":{"line":154,"column":4},"end":{"line":158,"column":4}}},"10":{"name":"setTokenURI","line":166,"loc":{"start":{"line":166,"column":4},"end":{"line":170,"column":4}}}},"statementMap":{"1":{"start":{"line":39,"column":8},"end":{"line":39,"column":19}},"2":{"start":{"line":40,"column":8},"end":{"line":40,"column":23}},"3":{"start":{"line":48,"column":8},"end":{"line":48,"column":71}},"4":{"start":{"line":57,"column":8},"end":{"line":57,"column":2066}},"5":{"start":{"line":58,"column":12},"end":{"line":58,"column":20}},"6":{"start":{"line":60,"column":12},"end":{"line":60,"column":20}},"7":{"start":{"line":69,"column":8},"end":{"line":69,"column":34}},"8":{"start":{"line":84,"column":8},"end":{"line":84,"column":79}},"9":{"start":{"line":86,"column":8},"end":{"line":86,"column":27}},"10":{"start":{"line":87,"column":8},"end":{"line":87,"column":31}},"11":{"start":{"line":89,"column":8},"end":{"line":89,"column":31}},"12":{"start":{"line":91,"column":8},"end":{"line":91,"column":40}},"13":{"start":{"line":101,"column":8},"end":{"line":101,"column":63}},"14":{"start":{"line":102,"column":8},"end":{"line":102,"column":81}},"15":{"start":{"line":104,"column":8},"end":{"line":104,"column":27}},"16":{"start":{"line":105,"column":8},"end":{"line":105,"column":31}},"17":{"start":{"line":106,"column":8},"end":{"line":106,"column":31}},"18":{"start":{"line":108,"column":8},"end":{"line":108,"column":30}},"19":{"start":{"line":117,"column":8},"end":{"line":117,"column":81}},"20":{"start":{"line":119,"column":8},"end":{"line":119,"column":51}},"21":{"start":{"line":121,"column":8},"end":{"line":121,"column":36}},"22":{"start":{"line":122,"column":8},"end":{"line":122,"column":39}},"23":{"start":{"line":124,"column":8},"end":{"line":124,"column":55}},"24":{"start":{"line":126,"column":8},"end":{"line":126,"column":4277}},"25":{"start":{"line":127,"column":12},"end":{"line":127,"column":4339}},"26":{"start":{"line":128,"column":16},"end":{"line":128,"column":38}},"27":{"start":{"line":135,"column":8},"end":{"line":135,"column":4493}},"28":{"start":{"line":139,"column":8},"end":{"line":139,"column":26}},"29":{"start":{"line":146,"column":8},"end":{"line":146,"column":28}},"30":{"start":{"line":155,"column":8},"end":{"line":155,"column":81}},"31":{"start":{"line":156,"column":8},"end":{"line":156,"column":52}},"32":{"start":{"line":157,"column":8},"end":{"line":157,"column":24}},"33":{"start":{"line":167,"column":8},"end":{"line":167,"column":81}},"34":{"start":{"line":168,"column":8},"end":{"line":168,"column":31}},"35":{"start":{"line":169,"column":8},"end":{"line":169,"column":42}}},"branchMap":{"1":{"line":48,"type":"if","locations":[{"start":{"line":48,"column":8},"end":{"line":48,"column":8}},{"start":{"line":48,"column":8},"end":{"line":48,"column":8}}]},"2":{"line":57,"type":"if","locations":[{"start":{"line":57,"column":8},"end":{"line":57,"column":8}},{"start":{"line":57,"column":8},"end":{"line":57,"column":8}}]},"3":{"line":84,"type":"if","locations":[{"start":{"line":84,"column":8},"end":{"line":84,"column":8}},{"start":{"line":84,"column":8},"end":{"line":84,"column":8}}]},"4":{"line":101,"type":"if","locations":[{"start":{"line":101,"column":8},"end":{"line":101,"column":8}},{"start":{"line":101,"column":8},"end":{"line":101,"column":8}}]},"5":{"line":102,"type":"if","locations":[{"start":{"line":102,"column":8},"end":{"line":102,"column":8}},{"start":{"line":102,"column":8},"end":{"line":102,"column":8}}]},"6":{"line":117,"type":"if","locations":[{"start":{"line":117,"column":8},"end":{"line":117,"column":8}},{"start":{"line":117,"column":8},"end":{"line":117,"column":8}}]},"7":{"line":127,"type":"if","locations":[{"start":{"line":127,"column":12},"end":{"line":127,"column":12}},{"start":{"line":127,"column":12},"end":{"line":127,"column":12}}]},"8":{"line":135,"type":"if","locations":[{"start":{"line":135,"column":8},"end":{"line":135,"column":8}},{"start":{"line":135,"column":8},"end":{"line":135,"column":8}}]},"9":{"line":155,"type":"if","locations":[{"start":{"line":155,"column":8},"end":{"line":155,"column":8}},{"start":{"line":155,"column":8},"end":{"line":155,"column":8}}]},"10":{"line":167,"type":"if","locations":[{"start":{"line":167,"column":8},"end":{"line":167,"column":8}},{"start":{"line":167,"column":8},"end":{"line":167,"column":8}}]}}}}